POST /api/auth/register 200 21 - 156.375 ms
POST /api/auth/login 200 215 - 129.494 ms
GET /api/dashboard 200 13 - 57.477 ms
POST /api/dashboard 200 226 - 74.873 ms
POST /api/dashboard 200 226 - 86.930 ms
GET /api/dashboard 200 390 - 63.387 ms
PATCH /api/dashboard/632ec916e3e0847df3b1d5d3 200 226 - 147.487 ms
GET /api/dashboard/ 200 392 - 56.063 ms
DELETE /api/dashboard/632ec916e3e0847df3b1d5d3 200 21 - 64.345 ms
GET /api/dashboard/ 200 201 - 56.568 ms
POST /api/dashboard/ 200 228 - 59.999 ms
POST /api/dashboard/ 200 226 - 94.847 ms
GET /api/dashboard/ 200 581 - 56.605 ms
POST /api/dashboard/632ec94b0d7df8e61cfea40a/todo 200 291 - 77.844 ms
POST /api/dashboard/632ec94b0d7df8e61cfea40a/todo 200 293 - 107.388 ms
POST /api/dashboard/632ec94b0d7df8e61cfea40a/todo 200 298 - 62.731 ms
GET /api/dashboard/632ec94b0d7df8e61cfea40a/todo 500 1328 - 86.450 ms
GET /api/dashboard/632ec94b0d7df8e61cfea40a/ 200 785 - 63.499 ms
GET /api/dashboard/632ec94b0d7df8e61cfea40a/ 200 785 - 58.111 ms
POST /api/dashboard/632ec94b0d7df8e61cfea40a/ 200 299 - 74.760 ms
GET /api/dashboard/632ec94b0d7df8e61cfea40a/ 200 1048 - 168.148 ms
PUT /api/dashboard/632ec94b0d7df8e61cfea40a/todo/632eccb0aed113d3248950ec 200 298 - 120.910 ms
PUT /api/dashboard/632ec94b0d7df8e61cfea40a/todo/632eccb0aed113d3248950ec 200 297 - 119.153 ms
PUT /api/dashboard/632ec94b0d7df8e61cfea40a/todo/632eccb0aed113d3248950ec 200 297 - 112.145 ms
PATCH /api/dashboard/632ec94b0d7df8e61cfea40a/todo/632eccb0aed113d3248950ec 200 297 - 124.917 ms
DELETE /api/dashboard/632ec94b0d7df8e61cfea40a/todo/632eccb0aed113d3248950ec 200 21 - 62.964 ms
DELETE /api/dashboard/632ec94b0d7df8e61cfea40a 200 21 - 62.753 ms
GET /api/dashboard/632ec94b0d7df8e61cfea40a 200 785 - 55.553 ms
POST /api/auth/register 200 21 - 158.585 ms
POST /api/auth/login 200 230 - 129.020 ms
POST /api/auth/login 200 230 - 121.723 ms
POST /api/auth/register 400 36 - 68.122 ms
POST /api/auth/register 400 36 - 69.020 ms
POST /api/auth/register 400 36 - 57.250 ms
POST /api/auth/register 200 21 - 183.586 ms
POST /api/auth/register 200 21 - 222.204 ms
POST /api/auth/register 200 21 - 233.306 ms
POST /api/auth/register 400 36 - 59.556 ms
POST /api/auth/register 200 21 - 191.495 ms
POST /api/auth/register 400 36 - 63.467 ms
POST /api/auth/register 500 1398 - 209.036 ms
POST /api/auth/register 500 1398 - 274.715 ms
POST /api/auth/register 400 36 - 63.815 ms
POST /api/auth/register 200 21 - 273.000 ms
POST /api/auth/register 400 52 - 114.279 ms
POST /api/auth/register 400 55 - 58.569 ms
POST /api/auth/register 200 21 - 292.575 ms
OPTIONS /api/auth/login 204 0 - 0.685 ms
POST /api/auth/login 200 195 - 124.798 ms
OPTIONS /api/auth/login 204 0 - 0.465 ms
POST /api/auth/login 200 195 - 119.555 ms
OPTIONS /api/auth/login 204 0 - 0.139 ms
POST /api/auth/login 200 195 - 119.396 ms
OPTIONS /api/auth/login 204 0 - 0.127 ms
POST /api/auth/login 200 195 - 121.079 ms
OPTIONS /api/auth/login 204 0 - 0.259 ms
POST /api/auth/login 200 195 - 140.270 ms
OPTIONS /api/auth/register 204 0 - 0.310 ms
POST /api/auth/register 200 21 - 253.991 ms
OPTIONS /api/auth/register 204 0 - 0.206 ms
POST /api/auth/register 200 21 - 239.152 ms
